{
  "typeName": "P",
  "next": [
    {
      "typeName": "Da",
      "next": [
        {
          "typeName": "D",
          "next": [
            {
              "typeName": "Df",
              "next": [
                {
                  "typeName": "T",
                  "next": [
                    {
                      "typeName": "X",
                      "next": [
                        {
                          "flag": 0,
                          "res": "<8, int>",
                          "type": "8",
                          "end": 2,
                          "line": 1,
                          "begin": 0,
                          "info": "关键字",
                          "typeName": "integer",
                          "lexical": "int",
                          "index": "0",
                          "isTerminator": 1
                        }
                      ],
                      "line": 1,
                      "isTerminator": 0
                    }
                  ],
                  "line": 1,
                  "isTerminator": 0
                },
                {
                  "flag": 0,
                  "res": "<85, a>",
                  "type": "85",
                  "end": 4,
                  "line": 1,
                  "begin": 4,
                  "info": "标识符",
                  "typeName": "id",
                  "lexical": "a",
                  "index": "1",
                  "isTerminator": 1
                }
              ],
              "line": 1,
              "isTerminator": 0
            },
            {
              "flag": 0,
              "res": "<76, ;>",
              "type": "76",
              "end": 5,
              "line": 1,
              "begin": 5,
              "info": "界符",
              "typeName": ";",
              "lexical": ";",
              "index": "2",
              "isTerminator": 1
            }
          ],
          "line": 1,
          "isTerminator": 0
        }
      ],
      "line": 1,
      "isTerminator": 0
    }
  ],
  "line": 1,
  "isTerminator": 0
}