{
  "typeName": "P",
  "next": [
    {
      "typeName": "D",
      "next": [
        {
          "typeName": "D",
          "next": [
            {
              "typeName": "Da",
              "next": [
                {
                  "typeName": "T",
                  "next": [
                    {
                      "typeName": "B",
                      "next": [
                        {
                          "flag": 0,
                          "res": "<8, int>",
                          "type": "8",
                          "end": 2,
                          "line": 1,
                          "begin": 0,
                          "info": "关键字",
                          "typeName": "integer",
                          "lexical": "int",
                          "index": "0",
                          "isTerminator": 1
                        }
                      ],
                      "line": 1,
                      "isTerminator": 0,
                      "type": {
                        "name": "integer",
                        "width": 4
                      },
                      "width": 4
                    },
                    {
                      "typeName": "nT1",
                      "next": [
                        {
                          "type": "-2",
                          "typeName": "nil",
                          "lexical": "nil",
                          "line": 1,
                          "isTerminator": 1
                        }
                      ],
                      "line": 1,
                      "isTerminator": 0
                    },
                    {
                      "typeName": "C",
                      "next": [
                        {
                          "flag": 0,
                          "res": "<72, [>",
                          "type": "72",
                          "end": 3,
                          "line": 1,
                          "begin": 3,
                          "info": "界符",
                          "typeName": "[",
                          "lexical": "[",
                          "index": "1",
                          "isTerminator": 1
                        },
                        {
                          "flag": 0,
                          "res": "<80, 1>",
                          "type": "80",
                          "end": 4,
                          "line": 1,
                          "begin": 4,
                          "info": "常数",
                          "typeName": "num",
                          "lexical": "1",
                          "index": "2",
                          "isTerminator": 1
                        },
                        {
                          "flag": 0,
                          "res": "<73, ]>",
                          "type": "73",
                          "end": 5,
                          "line": 1,
                          "begin": 5,
                          "info": "界符",
                          "typeName": "]",
                          "lexical": "]",
                          "index": "3",
                          "isTerminator": 1
                        },
                        {
                          "typeName": "C",
                          "next": [
                            {
                              "type": "-2",
                              "typeName": "nil",
                              "lexical": "nil",
                              "line": 1,
                              "isTerminator": 1
                            }
                          ],
                          "line": 1,
                          "isTerminator": 0,
                          "type": {
                            "name": "integer",
                            "width": 4
                          },
                          "width": 4
                        }
                      ],
                      "line": 1,
                      "isTerminator": 0,
                      "type": {
                        "sub": {
                          "value": "1",
                          "type": {
                            "name": "integer",
                            "width": 4
                          },
                          "width": 4
                        },
                        "name": "array",
                        "width": 4
                      },
                      "width": 4
                    }
                  ],
                  "line": 1,
                  "isTerminator": 0,
                  "type": {
                    "sub": {
                      "value": "1",
                      "type": {
                        "name": "integer",
                        "width": 4
                      },
                      "width": 4
                    },
                    "name": "array",
                    "width": 4
                  },
                  "width": 4
                },
                {
                  "flag": 0,
                  "res": "<85, a>",
                  "type": "85",
                  "end": 7,
                  "line": 1,
                  "begin": 7,
                  "info": "标识符",
                  "typeName": "id",
                  "lexical": "a",
                  "index": "4",
                  "isTerminator": 1
                },
                {
                  "flag": 0,
                  "res": "<76, ;>",
                  "type": "76",
                  "end": 8,
                  "line": 1,
                  "begin": 8,
                  "info": "界符",
                  "typeName": ";",
                  "lexical": ";",
                  "index": "5",
                  "isTerminator": 1
                }
              ],
              "line": 1,
              "isTerminator": 0
            }
          ],
          "line": 1,
          "isTerminator": 0
        },
        {
          "typeName": "Da",
          "next": [
            {
              "typeName": "T",
              "next": [
                {
                  "typeName": "B",
                  "next": [
                    {
                      "flag": 0,
                      "res": "<8, int>",
                      "type": "8",
                      "end": 12,
                      "line": 2,
                      "begin": 10,
                      "info": "关键字",
                      "typeName": "integer",
                      "lexical": "int",
                      "index": "6",
                      "isTerminator": 1
                    }
                  ],
                  "line": 2,
                  "isTerminator": 0,
                  "type": {
                    "name": "integer",
                    "width": 4
                  },
                  "width": 4
                },
                {
                  "typeName": "nT1",
                  "next": [
                    {
                      "type": "-2",
                      "typeName": "nil",
                      "lexical": "nil",
                      "line": 2,
                      "isTerminator": 1
                    }
                  ],
                  "line": 2,
                  "isTerminator": 0
                },
                {
                  "typeName": "C",
                  "next": [
                    {
                      "type": "-2",
                      "typeName": "nil",
                      "lexical": "nil",
                      "line": 2,
                      "isTerminator": 1
                    }
                  ],
                  "line": 2,
                  "isTerminator": 0,
                  "type": {
                    "name": "integer",
                    "width": 4
                  },
                  "width": 4
                }
              ],
              "line": 2,
              "isTerminator": 0,
              "type": {
                "name": "integer",
                "width": 4
              },
              "width": 4
            },
            {
              "flag": 0,
              "res": "<85, b>",
              "type": "85",
              "end": 14,
              "line": 2,
              "begin": 14,
              "info": "标识符",
              "typeName": "id",
              "lexical": "b",
              "index": "7",
              "isTerminator": 1
            },
            {
              "flag": 0,
              "res": "<76, ;>",
              "type": "76",
              "end": 15,
              "line": 2,
              "begin": 15,
              "info": "界符",
              "typeName": ";",
              "lexical": ";",
              "index": "8",
              "isTerminator": 1
            }
          ],
          "line": 2,
          "isTerminator": 0
        }
      ],
      "line": 1,
      "isTerminator": 0
    },
    {
      "typeName": "S",
      "next": [
        {
          "type": "-2",
          "typeName": "nil",
          "lexical": "nil",
          "isTerminator": 1
        }
      ],
      "isTerminator": 0
    }
  ],
  "line": 1,
  "isTerminator": 0
}